Args {
  _: [ "packages/plugs/core/core.plug.yaml" ],
  exclude: [ "https://esm.sh/handlebars", "https://deno.land/std@0.158.0/encoding/yaml.ts" ],
  dist: "/Users/zef/git/silverbullet/dist"
}
External modules [ "https://esm.sh/handlebars", "https://deno.land/std@0.158.0/encoding/yaml.ts" ]
Bundle info for clearPageIndex 
  _out.tmp                                                                                    1.2kb  100.0%
   ├ deno:file:///Users/zef/git/silverbullet/packages/plugos-silverbullet-syscall/syscall.ts  105b     8.2%
   ├ deno:file:///Users/zef/git/silverbullet/packages/plugs/query/engine.ts                    97b     7.6%
   ├ deno:file:///Users/zef/git/silverbullet/packages/plugs/core/page.ts                       77b     6.0%
   ├ deno:file:///Users/zef/git/silverbullet/packages/plugos-silverbullet-syscall/index.ts     62b     4.9%
   ├ deno:file:///Users/zef/git/silverbullet/packages/plugs/core/_in.ts                        38b     3.0%
   └ deno:file:///Users/zef/git/silverbullet/packages/plugos-syscall/syscall.ts                19b     1.5%

External modules [ "https://esm.sh/handlebars", "https://deno.land/std@0.158.0/encoding/yaml.ts" ]
Bundle info for pageQueryProvider 
  _out.tmp                                                                                    2.3kb  100.0%
   ├ deno:file:///Users/zef/git/silverbullet/packages/plugs/query/engine.ts                   1.0kb   43.0%
   ├ deno:file:///Users/zef/git/silverbullet/packages/plugs/core/page.ts                      212b     8.9%
   ├ deno:file:///Users/zef/git/silverbullet/packages/plugos-silverbullet-syscall/syscall.ts  105b     4.4%
   ├ deno:file:///Users/zef/git/silverbullet/packages/plugos-silverbullet-syscall/space.ts     53b     2.2%
   ├ deno:file:///Users/zef/git/silverbullet/packages/plugos-silverbullet-syscall/index.ts     52b     2.2%
   ├ deno:file:///Users/zef/git/silverbullet/packages/plugs/core/_in.ts                        38b     1.6%
   └ deno:file:///Users/zef/git/silverbullet/packages/plugos-syscall/syscall.ts                19b     0.8%

External modules [ "https://esm.sh/handlebars", "https://deno.land/std@0.158.0/encoding/yaml.ts" ]
Bundle info for parseIndexTextRepublish 
  _out.tmp                                                                                     1.4kb  100.0%
   ├ deno:file:///Users/zef/git/silverbullet/packages/plugos-syscall/event.ts                  199b    13.5%
   ├ deno:file:///Users/zef/git/silverbullet/packages/plugos-silverbullet-syscall/syscall.ts   105b     7.1%
   ├ deno:file:///Users/zef/git/silverbullet/packages/plugs/query/engine.ts                     97b     6.6%
   ├ deno:file:///Users/zef/git/silverbullet/packages/plugs/core/page.ts                        81b     5.5%
   ├ deno:file:///Users/zef/git/silverbullet/packages/plugos-silverbullet-syscall/markdown.ts   57b     3.9%
   ├ deno:file:///Users/zef/git/silverbullet/packages/plugs/core/_in.ts                         38b     2.6%
   └ deno:file:///Users/zef/git/silverbullet/packages/plugos-syscall/syscall.ts                 19b     1.3%

External modules [ "https://esm.sh/handlebars", "https://deno.land/std@0.158.0/encoding/yaml.ts" ]
Bundle info for reindexCommand 
  _out.tmp                                                                                    1.3kb  100.0%
   ├ deno:file:///Users/zef/git/silverbullet/packages/plugos-silverbullet-syscall/syscall.ts  105b     7.6%
   ├ deno:file:///Users/zef/git/silverbullet/packages/plugs/core/page.ts                      104b     7.6%
   ├ deno:file:///Users/zef/git/silverbullet/packages/plugs/query/engine.ts                    97b     7.1%
   ├ deno:file:///Users/zef/git/silverbullet/packages/plugos-silverbullet-syscall/system.ts    70b     5.1%
   ├ deno:file:///Users/zef/git/silverbullet/packages/plugos-silverbullet-syscall/editor.ts    64b     4.7%
   ├ deno:file:///Users/zef/git/silverbullet/packages/plugs/core/_in.ts                        38b     2.8%
   └ deno:file:///Users/zef/git/silverbullet/packages/plugos-syscall/syscall.ts                19b     1.4%

External modules [ "https://esm.sh/handlebars", "https://deno.land/std@0.158.0/encoding/yaml.ts" ]
Bundle info for reindexSpace 
  _out.tmp                                                                                     1.8kb  100.0%
   ├ deno:file:///Users/zef/git/silverbullet/packages/plugs/core/page.ts                       272b    15.0%
   ├ deno:file:///Users/zef/git/silverbullet/packages/plugos-syscall/event.ts                  199b    10.9%
   ├ deno:file:///Users/zef/git/silverbullet/packages/plugos-silverbullet-syscall/syscall.ts   105b     5.8%
   ├ deno:file:///Users/zef/git/silverbullet/packages/plugos-silverbullet-syscall/space.ts     102b     5.6%
   ├ deno:file:///Users/zef/git/silverbullet/packages/plugs/query/engine.ts                     97b     5.3%
   ├ deno:file:///Users/zef/git/silverbullet/packages/plugos-silverbullet-syscall/markdown.ts   57b     3.1%
   ├ deno:file:///Users/zef/git/silverbullet/packages/plugos-silverbullet-syscall/index.ts      52b     2.9%
   ├ deno:file:///Users/zef/git/silverbullet/packages/plugs/core/_in.ts                         38b     2.1%
   └ deno:file:///Users/zef/git/silverbullet/packages/plugos-syscall/syscall.ts                 19b     1.0%

External modules [ "https://esm.sh/handlebars", "https://deno.land/std@0.158.0/encoding/yaml.ts" ]
Bundle info for deletePage 
  _out.tmp                                                                                    1.4kb  100.0%
   ├ deno:file:///Users/zef/git/silverbullet/packages/plugs/core/page.ts                      138b     9.7%
   ├ deno:file:///Users/zef/git/silverbullet/packages/plugos-silverbullet-syscall/syscall.ts  105b     7.4%
   ├ deno:file:///Users/zef/git/silverbullet/packages/plugos-silverbullet-syscall/editor.ts   102b     7.1%
   ├ deno:file:///Users/zef/git/silverbullet/packages/plugs/query/engine.ts                    97b     6.8%
   ├ deno:file:///Users/zef/git/silverbullet/packages/plugos-silverbullet-syscall/space.ts     51b     3.6%
   ├ deno:file:///Users/zef/git/silverbullet/packages/plugs/core/_in.ts                        38b     2.7%
   └ deno:file:///Users/zef/git/silverbullet/packages/plugos-syscall/syscall.ts                19b     1.3%

External modules [ "https://esm.sh/handlebars", "https://deno.land/std@0.158.0/encoding/yaml.ts" ]
Bundle info for editorLoad 
  _out.tmp                                                                                        747b   100.0%
   ├ deno:file:///Users/zef/git/silverbullet/packages/plugos-silverbullet-syscall/syscall.ts      105b    14.1%
   ├ deno:file:///Users/zef/git/silverbullet/packages/plugs/core/editor.ts                         56b     7.5%
   ├ deno:file:///Users/zef/git/silverbullet/packages/plugos-silverbullet-syscall/editor.ts        54b     7.2%
   ├ deno:file:///Users/zef/git/silverbullet/packages/plugos-silverbullet-syscall/clientStore.ts   50b     6.7%
   └ deno:file:///Users/zef/git/silverbullet/packages/plugs/core/_in.ts                            38b     5.1%

External modules [ "https://esm.sh/handlebars", "https://deno.land/std@0.158.0/encoding/yaml.ts" ]
Bundle info for toggleReadOnlyMode 
  _out.tmp                                                                                        836b   100.0%
   ├ deno:file:///Users/zef/git/silverbullet/packages/plugos-silverbullet-syscall/syscall.ts      105b    12.6%
   ├ deno:file:///Users/zef/git/silverbullet/packages/plugos-silverbullet-syscall/clientStore.ts  104b    12.4%
   ├ deno:file:///Users/zef/git/silverbullet/packages/plugs/core/editor.ts                         91b    10.9%
   ├ deno:file:///Users/zef/git/silverbullet/packages/plugos-silverbullet-syscall/editor.ts        54b     6.5%
   └ deno:file:///Users/zef/git/silverbullet/packages/plugs/core/_in.ts                            38b     4.5%

External modules [ "https://esm.sh/handlebars", "https://deno.land/std@0.158.0/encoding/yaml.ts" ]
Bundle info for indexLinks 
  _out.tmp                                                                                    2.6kb  100.0%
   ├ deno:file:///Users/zef/git/silverbullet/packages/plugs/query/data.ts                     515b    19.6%
   ├ deno:file:///Users/zef/git/silverbullet/packages/common/tree.ts                          435b    16.6%
   ├ deno:file:///Users/zef/git/silverbullet/packages/plugs/core/page.ts                      429b    16.4%
   ├ deno:file:///Users/zef/git/silverbullet/packages/plugos-silverbullet-syscall/index.ts    105b     4.0%
   ├ deno:file:///Users/zef/git/silverbullet/packages/plugos-silverbullet-syscall/syscall.ts  105b     4.0%
   ├ deno:file:///Users/zef/git/silverbullet/packages/plugs/query/engine.ts                    97b     3.7%
   ├ deno:file:///Users/zef/git/silverbullet/packages/plugs/core/_in.ts                        38b     1.4%
   └ deno:file:///Users/zef/git/silverbullet/packages/plugos-syscall/syscall.ts                19b     0.7%

External modules [ "https://esm.sh/handlebars", "https://deno.land/std@0.158.0/encoding/yaml.ts" ]
Bundle info for linkQueryProvider 
  _out.tmp                                                                                    2.2kb  100.0%
   ├ deno:file:///Users/zef/git/silverbullet/packages/plugs/query/engine.ts                   1.0kb   45.2%
   ├ deno:file:///Users/zef/git/silverbullet/packages/plugs/core/page.ts                      153b     6.7%
   ├ deno:file:///Users/zef/git/silverbullet/packages/plugos-silverbullet-syscall/syscall.ts  105b     4.6%
   ├ deno:file:///Users/zef/git/silverbullet/packages/plugos-silverbullet-syscall/index.ts     52b     2.3%
   ├ deno:file:///Users/zef/git/silverbullet/packages/plugs/core/_in.ts                        38b     1.7%
   └ deno:file:///Users/zef/git/silverbullet/packages/plugos-syscall/syscall.ts                19b     0.8%

External modules [ "https://esm.sh/handlebars", "https://deno.land/std@0.158.0/encoding/yaml.ts" ]
Bundle info for renamePage 
  _out.tmp                                                                                      3.0kb  100.0%
   ├ deno:file:///Users/zef/git/silverbullet/packages/plugs/core/page.ts                       1001b    33.1%
   ├ deno:file:///Users/zef/git/silverbullet/packages/common/tree.ts                            392b    13.0%
   ├ deno:file:///Users/zef/git/silverbullet/packages/plugos-silverbullet-syscall/editor.ts     233b     7.7%
   ├ deno:file:///Users/zef/git/silverbullet/packages/plugos-silverbullet-syscall/space.ts      154b     5.1%
   ├ deno:file:///Users/zef/git/silverbullet/packages/plugos-silverbullet-syscall/syscall.ts    105b     3.5%
   ├ deno:file:///Users/zef/git/silverbullet/packages/plugs/query/engine.ts                      97b     3.2%
   ├ deno:file:///Users/zef/git/silverbullet/packages/plugos-silverbullet-syscall/markdown.ts    57b     1.9%
   ├ deno:file:///Users/zef/git/silverbullet/packages/plugos-silverbullet-syscall/index.ts       52b     1.7%
   ├ deno:file:///Users/zef/git/silverbullet/packages/plugs/core/_in.ts                          38b     1.3%
   └ deno:file:///Users/zef/git/silverbullet/packages/plugos-syscall/syscall.ts                  19b     0.6%

External modules [ "https://esm.sh/handlebars", "https://deno.land/std@0.158.0/encoding/yaml.ts" ]
Bundle info for pageComplete 
  _out.tmp                                                                                    1.4kb  100.0%
   ├ deno:file:///Users/zef/git/silverbullet/packages/plugs/core/page.ts                      155b    11.1%
   ├ deno:file:///Users/zef/git/silverbullet/packages/plugos-silverbullet-syscall/syscall.ts  105b     7.5%
   ├ deno:file:///Users/zef/git/silverbullet/packages/plugs/query/engine.ts                    97b     7.0%
   ├ deno:file:///Users/zef/git/silverbullet/packages/plugos-silverbullet-syscall/space.ts     53b     3.8%
   ├ deno:file:///Users/zef/git/silverbullet/packages/plugos-silverbullet-syscall/editor.ts    47b     3.4%
   ├ deno:file:///Users/zef/git/silverbullet/packages/plugs/core/_in.ts                        38b     2.7%
   └ deno:file:///Users/zef/git/silverbullet/packages/plugos-syscall/syscall.ts                19b     1.4%

External modules [ "https://esm.sh/handlebars", "https://deno.land/std@0.158.0/encoding/yaml.ts" ]
Bundle info for commandComplete 
  _out.tmp                                                                                    849b   100.0%
   ├ deno:file:///Users/zef/git/silverbullet/packages/plugs/core/command.ts                   164b    19.3%
   ├ deno:file:///Users/zef/git/silverbullet/packages/plugos-silverbullet-syscall/syscall.ts  105b    12.4%
   ├ deno:file:///Users/zef/git/silverbullet/packages/plugos-silverbullet-syscall/system.ts    51b     6.0%
   ├ deno:file:///Users/zef/git/silverbullet/packages/plugos-silverbullet-syscall/editor.ts    47b     5.5%
   └ deno:file:///Users/zef/git/silverbullet/packages/plugs/core/_in.ts                        38b     4.5%

External modules [ "https://esm.sh/handlebars", "https://deno.land/std@0.158.0/encoding/yaml.ts" ]
Bundle info for indexItems 
  _out.tmp                                                                                    2.4kb  100.0%
   ├ deno:file:///Users/zef/git/silverbullet/packages/plugs/core/item.ts                      497b    20.0%
   ├ deno:file:///Users/zef/git/silverbullet/packages/plugs/query/util.ts                     469b    18.8%
   ├ deno:file:///Users/zef/git/silverbullet/packages/common/tree.ts                          353b    14.2%
   ├ deno:file:///Users/zef/git/silverbullet/packages/plugos-silverbullet-syscall/syscall.ts  105b     4.2%
   ├ deno:file:///Users/zef/git/silverbullet/packages/plugs/query/engine.ts                    97b     3.9%
   ├ deno:file:///Users/zef/git/silverbullet/packages/plugos-silverbullet-syscall/index.ts     53b     2.1%
   └ deno:file:///Users/zef/git/silverbullet/packages/plugs/core/_in.ts                        38b     1.5%

External modules [ "https://esm.sh/handlebars", "https://deno.land/std@0.158.0/encoding/yaml.ts" ]
Bundle info for queryProvider 
  _out.tmp                                                                                    2.2kb  100.0%
   ├ deno:file:///Users/zef/git/silverbullet/packages/plugs/query/engine.ts                   1.0kb   45.6%
   ├ deno:file:///Users/zef/git/silverbullet/packages/plugs/core/item.ts                      149b     6.6%
   ├ deno:file:///Users/zef/git/silverbullet/packages/plugos-silverbullet-syscall/syscall.ts  105b     4.7%
   ├ deno:file:///Users/zef/git/silverbullet/packages/plugos-silverbullet-syscall/index.ts     52b     2.3%
   └ deno:file:///Users/zef/git/silverbullet/packages/plugs/core/_in.ts                        38b     1.7%

External modules [ "https://esm.sh/handlebars", "https://deno.land/std@0.158.0/encoding/yaml.ts" ]
Bundle info for linkNavigate 
  _out.tmp                                                                                     1.8kb  100.0%
   ├ deno:file:///Users/zef/git/silverbullet/packages/plugs/core/navigate.ts                   643b    35.7%
   ├ deno:file:///Users/zef/git/silverbullet/packages/plugos-silverbullet-syscall/editor.ts    291b    16.2%
   ├ deno:file:///Users/zef/git/silverbullet/packages/common/tree.ts                           167b     9.3%
   ├ deno:file:///Users/zef/git/silverbullet/packages/plugos-silverbullet-syscall/syscall.ts   105b     5.8%
   ├ deno:file:///Users/zef/git/silverbullet/packages/plugos-silverbullet-syscall/markdown.ts   57b     3.2%
   ├ deno:file:///Users/zef/git/silverbullet/packages/plugos-silverbullet-syscall/system.ts     55b     3.1%
   └ deno:file:///Users/zef/git/silverbullet/packages/plugs/core/_in.ts                         38b     2.1%

External modules [ "https://esm.sh/handlebars", "https://deno.land/std@0.158.0/encoding/yaml.ts" ]
Bundle info for clickNavigate 
  _out.tmp                                                                                     1.7kb  100.0%
   ├ deno:file:///Users/zef/git/silverbullet/packages/plugs/core/navigate.ts                   671b    37.6%
   ├ deno:file:///Users/zef/git/silverbullet/packages/plugos-silverbullet-syscall/editor.ts    249b    13.9%
   ├ deno:file:///Users/zef/git/silverbullet/packages/common/tree.ts                           167b     9.4%
   ├ deno:file:///Users/zef/git/silverbullet/packages/plugos-silverbullet-syscall/syscall.ts   105b     5.9%
   ├ deno:file:///Users/zef/git/silverbullet/packages/plugos-silverbullet-syscall/markdown.ts   57b     3.2%
   ├ deno:file:///Users/zef/git/silverbullet/packages/plugos-silverbullet-syscall/system.ts     55b     3.1%
   └ deno:file:///Users/zef/git/silverbullet/packages/plugs/core/_in.ts                         38b     2.1%

External modules [ "https://esm.sh/handlebars", "https://deno.land/std@0.158.0/encoding/yaml.ts" ]
Bundle info for navigateCommand 
  _out.tmp                                                                                    678b   100.0%
   ├ deno:file:///Users/zef/git/silverbullet/packages/plugos-silverbullet-syscall/syscall.ts  105b    15.5%
   ├ deno:file:///Users/zef/git/silverbullet/packages/plugos-silverbullet-syscall/editor.ts    55b     8.1%
   ├ deno:file:///Users/zef/git/silverbullet/packages/plugs/core/_in.ts                        38b     5.6%
   └ deno:file:///Users/zef/git/silverbullet/packages/plugs/core/navigate.ts                   36b     5.3%

External modules [ "https://esm.sh/handlebars", "https://deno.land/std@0.158.0/encoding/yaml.ts" ]
Bundle info for indexTags 
  _out.tmp                                                                                    2.1kb  100.0%
   ├ deno:file:///Users/zef/git/silverbullet/packages/plugs/query/util.ts                     469b    21.8%
   ├ deno:file:///Users/zef/git/silverbullet/packages/common/tree.ts                          353b    16.4%
   ├ deno:file:///Users/zef/git/silverbullet/packages/plugs/core/tags.ts                      155b     7.2%
   ├ deno:file:///Users/zef/git/silverbullet/packages/plugos-silverbullet-syscall/syscall.ts  105b     4.9%
   ├ deno:file:///Users/zef/git/silverbullet/packages/plugs/query/engine.ts                    97b     4.5%
   ├ deno:file:///Users/zef/git/silverbullet/packages/plugos-silverbullet-syscall/index.ts     53b     2.5%
   └ deno:file:///Users/zef/git/silverbullet/packages/plugs/core/_in.ts                        38b     1.8%

External modules [ "https://esm.sh/handlebars", "https://deno.land/std@0.158.0/encoding/yaml.ts" ]
Bundle info for tagComplete 
  _out.tmp                                                                                    1.3kb  100.0%
   ├ deno:file:///Users/zef/git/silverbullet/packages/plugs/core/tags.ts                      162b    11.7%
   ├ deno:file:///Users/zef/git/silverbullet/packages/plugos-silverbullet-syscall/syscall.ts  105b     7.6%
   ├ deno:file:///Users/zef/git/silverbullet/packages/plugs/query/engine.ts                    97b     7.0%
   ├ deno:file:///Users/zef/git/silverbullet/packages/plugos-silverbullet-syscall/index.ts     52b     3.8%
   ├ deno:file:///Users/zef/git/silverbullet/packages/plugos-silverbullet-syscall/editor.ts    47b     3.4%
   └ deno:file:///Users/zef/git/silverbullet/packages/plugs/core/_in.ts                        38b     2.8%

External modules [ "https://esm.sh/handlebars", "https://deno.land/std@0.158.0/encoding/yaml.ts" ]
Bundle info for tagProvider 
  _out.tmp                                                                                    2.2kb  100.0%
   ├ deno:file:///Users/zef/git/silverbullet/packages/plugs/query/engine.ts                   1.0kb   45.1%
   ├ deno:file:///Users/zef/git/silverbullet/packages/plugs/core/tags.ts                      176b     7.7%
   ├ deno:file:///Users/zef/git/silverbullet/packages/plugos-silverbullet-syscall/syscall.ts  105b     4.6%
   ├ deno:file:///Users/zef/git/silverbullet/packages/plugos-silverbullet-syscall/index.ts     52b     2.3%
   └ deno:file:///Users/zef/git/silverbullet/packages/plugs/core/_in.ts                        38b     1.7%

External modules [ "https://esm.sh/handlebars", "https://deno.land/std@0.158.0/encoding/yaml.ts" ]
Bundle info for indexAnchors 
  _out.tmp                                                                                    1.6kb  100.0%
   ├ deno:file:///Users/zef/git/silverbullet/packages/plugs/query/util.ts                     469b    28.1%
   ├ deno:file:///Users/zef/git/silverbullet/packages/common/tree.ts                          353b    21.2%
   ├ deno:file:///Users/zef/git/silverbullet/packages/plugs/core/anchor.ts                    206b    12.4%
   ├ deno:file:///Users/zef/git/silverbullet/packages/plugos-silverbullet-syscall/syscall.ts  105b     6.3%
   ├ deno:file:///Users/zef/git/silverbullet/packages/plugos-silverbullet-syscall/index.ts     53b     3.2%
   └ deno:file:///Users/zef/git/silverbullet/packages/plugs/core/_in.ts                        38b     2.3%

External modules [ "https://esm.sh/handlebars", "https://deno.land/std@0.158.0/encoding/yaml.ts" ]
Bundle info for anchorComplete 
  _out.tmp                                                                                    1003b   100.0%
   ├ deno:file:///Users/zef/git/silverbullet/packages/plugs/core/anchor.ts                     270b    26.9%
   ├ deno:file:///Users/zef/git/silverbullet/packages/plugos-silverbullet-syscall/syscall.ts   105b    10.5%
   ├ deno:file:///Users/zef/git/silverbullet/packages/plugos-silverbullet-syscall/editor.ts     94b     9.4%
   ├ deno:file:///Users/zef/git/silverbullet/packages/plugos-silverbullet-syscall/index.ts      52b     5.2%
   └ deno:file:///Users/zef/git/silverbullet/packages/plugs/core/_in.ts                         38b     3.8%

External modules [ "https://esm.sh/handlebars", "https://deno.land/std@0.158.0/encoding/yaml.ts" ]
Bundle info for index 
  _out.tmp                                                                                    2.0kb  100.0%
   ├ deno:file:///Users/zef/git/silverbullet/packages/plugs/query/util.ts                     469b    23.1%
   ├ deno:file:///Users/zef/git/silverbullet/packages/common/tree.ts                          311b    15.3%
   ├ deno:file:///Users/zef/git/silverbullet/packages/plugos-silverbullet-syscall/syscall.ts  105b     5.2%
   ├ deno:file:///Users/zef/git/silverbullet/packages/plugs/query/engine.ts                    97b     4.8%
   ├ deno:file:///Users/zef/git/silverbullet/packages/plugs/core/search.ts                     64b     3.1%
   ├ deno:file:///Users/zef/git/silverbullet/packages/plugos-syscall/fulltext.ts               53b     2.6%
   ├ deno:file:///Users/zef/git/silverbullet/packages/plugs/core/_in.ts                        38b     1.9%
   └ deno:file:///Users/zef/git/silverbullet/packages/plugos-syscall/syscall.ts                19b     0.9%

External modules [ "https://esm.sh/handlebars", "https://deno.land/std@0.158.0/encoding/yaml.ts" ]
Bundle info for unindex 
  _out.tmp                                                                                    1.2kb  100.0%
   ├ deno:file:///Users/zef/git/silverbullet/packages/plugos-silverbullet-syscall/syscall.ts  105b     8.6%
   ├ deno:file:///Users/zef/git/silverbullet/packages/plugs/query/engine.ts                    97b     8.0%
   ├ deno:file:///Users/zef/git/silverbullet/packages/plugos-syscall/fulltext.ts               50b     4.1%
   ├ deno:file:///Users/zef/git/silverbullet/packages/plugs/core/_in.ts                        38b     3.1%
   ├ deno:file:///Users/zef/git/silverbullet/packages/plugs/core/search.ts                     31b     2.5%
   └ deno:file:///Users/zef/git/silverbullet/packages/plugos-syscall/syscall.ts                19b     1.6%

External modules [ "https://esm.sh/handlebars", "https://deno.land/std@0.158.0/encoding/yaml.ts" ]
Bundle info for queryProvider 
  _out.tmp                                                                                    2.5kb  100.0%
   ├ deno:file:///Users/zef/git/silverbullet/packages/plugs/query/engine.ts                   1.0kb   40.4%
   ├ deno:file:///Users/zef/git/silverbullet/packages/plugs/core/search.ts                    359b    14.2%
   ├ deno:file:///Users/zef/git/silverbullet/packages/plugos-silverbullet-syscall/syscall.ts  105b     4.1%
   ├ deno:file:///Users/zef/git/silverbullet/packages/plugos-syscall/fulltext.ts               58b     2.3%
   ├ deno:file:///Users/zef/git/silverbullet/packages/plugos-silverbullet-syscall/index.ts     52b     2.1%
   ├ deno:file:///Users/zef/git/silverbullet/packages/plugs/core/_in.ts                        38b     1.5%
   └ deno:file:///Users/zef/git/silverbullet/packages/plugos-syscall/syscall.ts                19b     0.7%

External modules [ "https://esm.sh/handlebars", "https://deno.land/std@0.158.0/encoding/yaml.ts" ]
Bundle info for searchCommand 
  _out.tmp                                                                                    1.3kb  100.0%
   ├ deno:file:///Users/zef/git/silverbullet/packages/plugos-silverbullet-syscall/syscall.ts  105b     7.9%
   ├ deno:file:///Users/zef/git/silverbullet/packages/plugos-silverbullet-syscall/editor.ts   104b     7.8%
   ├ deno:file:///Users/zef/git/silverbullet/packages/plugs/query/engine.ts                    97b     7.3%
   ├ deno:file:///Users/zef/git/silverbullet/packages/plugs/core/search.ts                     91b     6.8%
   ├ deno:file:///Users/zef/git/silverbullet/packages/plugs/core/_in.ts                        38b     2.9%
   └ deno:file:///Users/zef/git/silverbullet/packages/plugos-syscall/syscall.ts                19b     1.4%

External modules [ "https://esm.sh/handlebars", "https://deno.land/std@0.158.0/encoding/yaml.ts" ]
Bundle info for readPageSearch 
  _out.tmp                                                                                    1.4kb  100.0%
   ├ deno:file:///Users/zef/git/silverbullet/packages/plugs/core/search.ts                    229b    16.1%
   ├ deno:file:///Users/zef/git/silverbullet/packages/plugos-silverbullet-syscall/syscall.ts  105b     7.4%
   ├ deno:file:///Users/zef/git/silverbullet/packages/plugs/query/engine.ts                    97b     6.8%
   ├ deno:file:///Users/zef/git/silverbullet/packages/plugos-syscall/fulltext.ts               58b     4.1%
   ├ deno:file:///Users/zef/git/silverbullet/packages/plugs/core/_in.ts                        38b     2.7%
   └ deno:file:///Users/zef/git/silverbullet/packages/plugos-syscall/syscall.ts                19b     1.3%

External modules [ "https://esm.sh/handlebars", "https://deno.land/std@0.158.0/encoding/yaml.ts" ]
Bundle info for getPageMetaSearch 
  _out.tmp                                                                                    1.2kb  100.0%
   ├ deno:file:///Users/zef/git/silverbullet/packages/plugos-silverbullet-syscall/syscall.ts  105b     8.8%
   ├ deno:file:///Users/zef/git/silverbullet/packages/plugs/query/engine.ts                    97b     8.1%
   ├ deno:file:///Users/zef/git/silverbullet/packages/plugs/core/search.ts                     60b     5.0%
   ├ deno:file:///Users/zef/git/silverbullet/packages/plugs/core/_in.ts                        38b     3.2%
   └ deno:file:///Users/zef/git/silverbullet/packages/plugos-syscall/syscall.ts                19b     1.6%

External modules [ "https://esm.sh/handlebars", "https://deno.land/std@0.158.0/encoding/yaml.ts" ]
Bundle info for insertTemplateText 
  _out.tmp                                                                                    1.9kb  100.0%
   ├ deno:file:///Users/zef/git/silverbullet/packages/plugs/core/template.ts                  478b    24.5%
   ├ deno:file:///Users/zef/git/silverbullet/packages/plugos-silverbullet-syscall/editor.ts   185b     9.5%
   ├ deno:file:///Users/zef/git/silverbullet/packages/plugos-silverbullet-syscall/syscall.ts  105b     5.4%
   ├ deno:file:///Users/zef/git/silverbullet/packages/plugs/query/engine.ts                    97b     5.0%
   ├ deno:file:///Users/zef/git/silverbullet/packages/plugs/lib/settings_page.ts               61b     3.1%
   ├ deno:file:///Users/zef/git/silverbullet/packages/plugs/lib/yaml_page.ts                   61b     3.1%
   ├ deno:file:///Users/zef/git/silverbullet/packages/plugs/core/dates.ts                      51b     2.6%
   └ deno:file:///Users/zef/git/silverbullet/packages/plugs/core/_in.ts                        38b     1.9%

External modules [ "https://esm.sh/handlebars", "https://deno.land/std@0.158.0/encoding/yaml.ts" ]
Bundle info for insertTemplateText 
  _out.tmp                                                                                    1.9kb  100.0%
   ├ deno:file:///Users/zef/git/silverbullet/packages/plugs/core/template.ts                  478b    24.5%
   ├ deno:file:///Users/zef/git/silverbullet/packages/plugos-silverbullet-syscall/editor.ts   185b     9.5%
   ├ deno:file:///Users/zef/git/silverbullet/packages/plugos-silverbullet-syscall/syscall.ts  105b     5.4%
   ├ deno:file:///Users/zef/git/silverbullet/packages/plugs/query/engine.ts                    97b     5.0%
   ├ deno:file:///Users/zef/git/silverbullet/packages/plugs/lib/settings_page.ts               61b     3.1%
   ├ deno:file:///Users/zef/git/silverbullet/packages/plugs/lib/yaml_page.ts                   61b     3.1%
   ├ deno:file:///Users/zef/git/silverbullet/packages/plugs/core/dates.ts                      51b     2.6%
   └ deno:file:///Users/zef/git/silverbullet/packages/plugs/core/_in.ts                        38b     1.9%

External modules [ "https://esm.sh/handlebars", "https://deno.land/std@0.158.0/encoding/yaml.ts" ]
Bundle info for insertTemplateText 
  _out.tmp                                                                                    1.9kb  100.0%
   ├ deno:file:///Users/zef/git/silverbullet/packages/plugs/core/template.ts                  478b    24.5%
   ├ deno:file:///Users/zef/git/silverbullet/packages/plugos-silverbullet-syscall/editor.ts   185b     9.5%
   ├ deno:file:///Users/zef/git/silverbullet/packages/plugos-silverbullet-syscall/syscall.ts  105b     5.4%
   ├ deno:file:///Users/zef/git/silverbullet/packages/plugs/query/engine.ts                    97b     5.0%
   ├ deno:file:///Users/zef/git/silverbullet/packages/plugs/lib/settings_page.ts               61b     3.1%
   ├ deno:file:///Users/zef/git/silverbullet/packages/plugs/lib/yaml_page.ts                   61b     3.1%
   ├ deno:file:///Users/zef/git/silverbullet/packages/plugs/core/dates.ts                      51b     2.6%
   └ deno:file:///Users/zef/git/silverbullet/packages/plugs/core/_in.ts                        38b     1.9%

External modules [ "https://esm.sh/handlebars", "https://deno.land/std@0.158.0/encoding/yaml.ts" ]
Bundle info for insertTemplateText 
  _out.tmp                                                                                    1.9kb  100.0%
   ├ deno:file:///Users/zef/git/silverbullet/packages/plugs/core/template.ts                  478b    24.5%
   ├ deno:file:///Users/zef/git/silverbullet/packages/plugos-silverbullet-syscall/editor.ts   185b     9.5%
   ├ deno:file:///Users/zef/git/silverbullet/packages/plugos-silverbullet-syscall/syscall.ts  105b     5.4%
   ├ deno:file:///Users/zef/git/silverbullet/packages/plugs/query/engine.ts                    97b     5.0%
   ├ deno:file:///Users/zef/git/silverbullet/packages/plugs/lib/settings_page.ts               61b     3.1%
   ├ deno:file:///Users/zef/git/silverbullet/packages/plugs/lib/yaml_page.ts                   61b     3.1%
   ├ deno:file:///Users/zef/git/silverbullet/packages/plugs/core/dates.ts                      51b     2.6%
   └ deno:file:///Users/zef/git/silverbullet/packages/plugs/core/_in.ts                        38b     1.9%

External modules [ "https://esm.sh/handlebars", "https://deno.land/std@0.158.0/encoding/yaml.ts" ]
Bundle info for insertTemplateText 
  _out.tmp                                                                                    1.9kb  100.0%
   ├ deno:file:///Users/zef/git/silverbullet/packages/plugs/core/template.ts                  478b    24.5%
   ├ deno:file:///Users/zef/git/silverbullet/packages/plugos-silverbullet-syscall/editor.ts   185b     9.5%
   ├ deno:file:///Users/zef/git/silverbullet/packages/plugos-silverbullet-syscall/syscall.ts  105b     5.4%
   ├ deno:file:///Users/zef/git/silverbullet/packages/plugs/query/engine.ts                    97b     5.0%
   ├ deno:file:///Users/zef/git/silverbullet/packages/plugs/lib/settings_page.ts               61b     3.1%
   ├ deno:file:///Users/zef/git/silverbullet/packages/plugs/lib/yaml_page.ts                   61b     3.1%
   ├ deno:file:///Users/zef/git/silverbullet/packages/plugs/core/dates.ts                      51b     2.6%
   └ deno:file:///Users/zef/git/silverbullet/packages/plugs/core/_in.ts                        38b     1.9%

External modules [ "https://esm.sh/handlebars", "https://deno.land/std@0.158.0/encoding/yaml.ts" ]
Bundle info for insertTemplateText 
  _out.tmp                                                                                    1.9kb  100.0%
   ├ deno:file:///Users/zef/git/silverbullet/packages/plugs/core/template.ts                  478b    24.5%
   ├ deno:file:///Users/zef/git/silverbullet/packages/plugos-silverbullet-syscall/editor.ts   185b     9.5%
   ├ deno:file:///Users/zef/git/silverbullet/packages/plugos-silverbullet-syscall/syscall.ts  105b     5.4%
   ├ deno:file:///Users/zef/git/silverbullet/packages/plugs/query/engine.ts                    97b     5.0%
   ├ deno:file:///Users/zef/git/silverbullet/packages/plugs/lib/settings_page.ts               61b     3.1%
   ├ deno:file:///Users/zef/git/silverbullet/packages/plugs/lib/yaml_page.ts                   61b     3.1%
   ├ deno:file:///Users/zef/git/silverbullet/packages/plugs/core/dates.ts                      51b     2.6%
   └ deno:file:///Users/zef/git/silverbullet/packages/plugs/core/_in.ts                        38b     1.9%

External modules [ "https://esm.sh/handlebars", "https://deno.land/std@0.158.0/encoding/yaml.ts" ]
Bundle info for insertTemplateText 
  _out.tmp                                                                                    1.9kb  100.0%
   ├ deno:file:///Users/zef/git/silverbullet/packages/plugs/core/template.ts                  478b    24.5%
   ├ deno:file:///Users/zef/git/silverbullet/packages/plugos-silverbullet-syscall/editor.ts   185b     9.5%
   ├ deno:file:///Users/zef/git/silverbullet/packages/plugos-silverbullet-syscall/syscall.ts  105b     5.4%
   ├ deno:file:///Users/zef/git/silverbullet/packages/plugs/query/engine.ts                    97b     5.0%
   ├ deno:file:///Users/zef/git/silverbullet/packages/plugs/lib/settings_page.ts               61b     3.1%
   ├ deno:file:///Users/zef/git/silverbullet/packages/plugs/lib/yaml_page.ts                   61b     3.1%
   ├ deno:file:///Users/zef/git/silverbullet/packages/plugs/core/dates.ts                      51b     2.6%
   └ deno:file:///Users/zef/git/silverbullet/packages/plugs/core/_in.ts                        38b     1.9%

External modules [ "https://esm.sh/handlebars", "https://deno.land/std@0.158.0/encoding/yaml.ts" ]
Bundle info for quickNoteCommand 
  _out.tmp                                                                                     2.3kb  100.0%
   ├ deno:file:///Users/zef/git/silverbullet/packages/plugs/lib/yaml_page.ts                   439b    18.8%
   ├ deno:file:///Users/zef/git/silverbullet/packages/plugs/lib/settings_page.ts               262b    11.2%
   ├ deno:file:///Users/zef/git/silverbullet/packages/plugs/core/template.ts                   179b     7.7%
   ├ deno:file:///Users/zef/git/silverbullet/packages/common/tree.ts                           177b     7.6%
   ├ deno:file:///Users/zef/git/silverbullet/packages/plugos-silverbullet-syscall/syscall.ts   105b     4.5%
   ├ deno:file:///Users/zef/git/silverbullet/packages/plugs/query/engine.ts                     97b     4.2%
   ├ deno:file:///Users/zef/git/silverbullet/packages/plugos-silverbullet-syscall/markdown.ts   57b     2.4%
   ├ deno:file:///Users/zef/git/silverbullet/packages/plugos-silverbullet-syscall/editor.ts     55b     2.4%
   ├ deno:file:///Users/zef/git/silverbullet/packages/plugos-silverbullet-syscall/space.ts      49b     2.1%
   └ deno:file:///Users/zef/git/silverbullet/packages/plugs/core/_in.ts                         38b     1.6%

External modules [ "https://esm.sh/handlebars", "https://deno.land/std@0.158.0/encoding/yaml.ts" ]
Bundle info for dailyNoteCommand 
  _out.tmp                                                                                     3.0kb  100.0%
   ├ deno:file:///Users/zef/git/silverbullet/packages/plugs/core/template.ts                   710b    23.5%
   ├ deno:file:///Users/zef/git/silverbullet/packages/plugs/lib/yaml_page.ts                   439b    14.5%
   ├ deno:file:///Users/zef/git/silverbullet/packages/plugs/lib/settings_page.ts               262b     8.7%
   ├ deno:file:///Users/zef/git/silverbullet/packages/common/tree.ts                           177b     5.9%
   ├ deno:file:///Users/zef/git/silverbullet/packages/plugos-silverbullet-syscall/space.ts     155b     5.1%
   ├ deno:file:///Users/zef/git/silverbullet/packages/plugos-silverbullet-syscall/syscall.ts   105b     3.5%
   ├ deno:file:///Users/zef/git/silverbullet/packages/plugs/query/engine.ts                     97b     3.2%
   ├ deno:file:///Users/zef/git/silverbullet/packages/plugos-silverbullet-syscall/markdown.ts   57b     1.9%
   ├ deno:file:///Users/zef/git/silverbullet/packages/plugos-silverbullet-syscall/editor.ts     55b     1.8%
   ├ deno:file:///Users/zef/git/silverbullet/packages/plugs/core/dates.ts                       51b     1.7%
   └ deno:file:///Users/zef/git/silverbullet/packages/plugs/core/_in.ts                         38b     1.3%

External modules [ "https://esm.sh/handlebars", "https://deno.land/std@0.158.0/encoding/yaml.ts" ]
Bundle info for instantiateTemplateCommand 
  _out.tmp                                                                                     4.1kb  100.0%
   ├ deno:file:///Users/zef/git/silverbullet/packages/plugs/core/template.ts                   866b    20.6%
   ├ deno:file:///Users/zef/git/silverbullet/packages/common/tree.ts                           569b    13.5%
   ├ deno:file:///Users/zef/git/silverbullet/packages/plugs/query/data.ts                      515b    12.3%
   ├ deno:file:///Users/zef/git/silverbullet/packages/plugs/lib/yaml_page.ts                   439b    10.5%
   ├ deno:file:///Users/zef/git/silverbullet/packages/plugs/lib/settings_page.ts               262b     6.2%
   ├ deno:file:///Users/zef/git/silverbullet/packages/plugos-silverbullet-syscall/editor.ts    167b     4.0%
   ├ deno:file:///Users/zef/git/silverbullet/packages/plugos-silverbullet-syscall/space.ts     156b     3.7%
   ├ deno:file:///Users/zef/git/silverbullet/packages/plugos-silverbullet-syscall/syscall.ts   105b     2.5%
   ├ deno:file:///Users/zef/git/silverbullet/packages/plugs/query/engine.ts                     97b     2.3%
   ├ deno:file:///Users/zef/git/silverbullet/packages/plugos-silverbullet-syscall/markdown.ts   57b     1.4%
   ├ deno:file:///Users/zef/git/silverbullet/packages/plugs/core/dates.ts                       51b     1.2%
   └ deno:file:///Users/zef/git/silverbullet/packages/plugs/core/_in.ts                         38b     0.9%

External modules [ "https://esm.sh/handlebars", "https://deno.land/std@0.158.0/encoding/yaml.ts" ]
Bundle info for insertSnippet 
  _out.tmp                                                                                     3.2kb  100.0%
   ├ deno:file:///Users/zef/git/silverbullet/packages/plugs/core/template.ts                   774b    24.0%
   ├ deno:file:///Users/zef/git/silverbullet/packages/plugs/lib/yaml_page.ts                   439b    13.6%
   ├ deno:file:///Users/zef/git/silverbullet/packages/plugs/lib/settings_page.ts               262b     8.1%
   ├ deno:file:///Users/zef/git/silverbullet/packages/plugos-silverbullet-syscall/editor.ts    248b     7.7%
   ├ deno:file:///Users/zef/git/silverbullet/packages/common/tree.ts                           177b     5.5%
   ├ deno:file:///Users/zef/git/silverbullet/packages/plugos-silverbullet-syscall/syscall.ts   105b     3.3%
   ├ deno:file:///Users/zef/git/silverbullet/packages/plugos-silverbullet-syscall/space.ts     102b     3.2%
   ├ deno:file:///Users/zef/git/silverbullet/packages/plugs/query/engine.ts                     97b     3.0%
   ├ deno:file:///Users/zef/git/silverbullet/packages/plugos-silverbullet-syscall/markdown.ts   57b     1.8%
   ├ deno:file:///Users/zef/git/silverbullet/packages/plugs/core/dates.ts                       51b     1.6%
   └ deno:file:///Users/zef/git/silverbullet/packages/plugs/core/_in.ts                         38b     1.2%

External modules [ "https://esm.sh/handlebars", "https://deno.land/std@0.158.0/encoding/yaml.ts" ]
Bundle info for insertTemplateText 
  _out.tmp                                                                                    1.9kb  100.0%
   ├ deno:file:///Users/zef/git/silverbullet/packages/plugs/core/template.ts                  478b    24.5%
   ├ deno:file:///Users/zef/git/silverbullet/packages/plugos-silverbullet-syscall/editor.ts   185b     9.5%
   ├ deno:file:///Users/zef/git/silverbullet/packages/plugos-silverbullet-syscall/syscall.ts  105b     5.4%
   ├ deno:file:///Users/zef/git/silverbullet/packages/plugs/query/engine.ts                    97b     5.0%
   ├ deno:file:///Users/zef/git/silverbullet/packages/plugs/lib/settings_page.ts               61b     3.1%
   ├ deno:file:///Users/zef/git/silverbullet/packages/plugs/lib/yaml_page.ts                   61b     3.1%
   ├ deno:file:///Users/zef/git/silverbullet/packages/plugs/core/dates.ts                      51b     2.6%
   └ deno:file:///Users/zef/git/silverbullet/packages/plugs/core/_in.ts                        38b     1.9%

External modules [ "https://esm.sh/handlebars", "https://deno.land/std@0.158.0/encoding/yaml.ts" ]
Bundle info for insertTemplateText 
  _out.tmp                                                                                    1.9kb  100.0%
   ├ deno:file:///Users/zef/git/silverbullet/packages/plugs/core/template.ts                  478b    24.5%
   ├ deno:file:///Users/zef/git/silverbullet/packages/plugos-silverbullet-syscall/editor.ts   185b     9.5%
   ├ deno:file:///Users/zef/git/silverbullet/packages/plugos-silverbullet-syscall/syscall.ts  105b     5.4%
   ├ deno:file:///Users/zef/git/silverbullet/packages/plugs/query/engine.ts                    97b     5.0%
   ├ deno:file:///Users/zef/git/silverbullet/packages/plugs/lib/settings_page.ts               61b     3.1%
   ├ deno:file:///Users/zef/git/silverbullet/packages/plugs/lib/yaml_page.ts                   61b     3.1%
   ├ deno:file:///Users/zef/git/silverbullet/packages/plugs/core/dates.ts                      51b     2.6%
   └ deno:file:///Users/zef/git/silverbullet/packages/plugs/core/_in.ts                        38b     1.9%

External modules [ "https://esm.sh/handlebars", "https://deno.land/std@0.158.0/encoding/yaml.ts" ]
Bundle info for quoteSelection 
  _out.tmp                                                                                    959b   100.0%
   ├ deno:file:///Users/zef/git/silverbullet/packages/plugs/core/text.ts                      231b    24.1%
   ├ deno:file:///Users/zef/git/silverbullet/packages/plugos-silverbullet-syscall/editor.ts   141b    14.7%
   ├ deno:file:///Users/zef/git/silverbullet/packages/plugos-silverbullet-syscall/syscall.ts  105b    10.9%
   └ deno:file:///Users/zef/git/silverbullet/packages/plugs/core/_in.ts                        38b     4.0%

External modules [ "https://esm.sh/handlebars", "https://deno.land/std@0.158.0/encoding/yaml.ts" ]
Bundle info for listifySelection 
  _out.tmp                                                                                    892b   100.0%
   ├ deno:file:///Users/zef/git/silverbullet/packages/plugs/core/text.ts                      164b    18.4%
   ├ deno:file:///Users/zef/git/silverbullet/packages/plugos-silverbullet-syscall/editor.ts   141b    15.8%
   ├ deno:file:///Users/zef/git/silverbullet/packages/plugos-silverbullet-syscall/syscall.ts  105b    11.8%
   └ deno:file:///Users/zef/git/silverbullet/packages/plugs/core/_in.ts                        38b     4.3%

External modules [ "https://esm.sh/handlebars", "https://deno.land/std@0.158.0/encoding/yaml.ts" ]
Bundle info for numberListifySelection 
  _out.tmp                                                                                    915b   100.0%
   ├ deno:file:///Users/zef/git/silverbullet/packages/plugs/core/text.ts                      187b    20.4%
   ├ deno:file:///Users/zef/git/silverbullet/packages/plugos-silverbullet-syscall/editor.ts   141b    15.4%
   ├ deno:file:///Users/zef/git/silverbullet/packages/plugos-silverbullet-syscall/syscall.ts  105b    11.5%
   └ deno:file:///Users/zef/git/silverbullet/packages/plugs/core/_in.ts                        38b     4.2%

External modules [ "https://esm.sh/handlebars", "https://deno.land/std@0.158.0/encoding/yaml.ts" ]
Bundle info for linkSelection 
  _out.tmp                                                                                    972b   100.0%
   ├ deno:file:///Users/zef/git/silverbullet/packages/plugs/core/text.ts                      198b    20.4%
   ├ deno:file:///Users/zef/git/silverbullet/packages/plugos-silverbullet-syscall/editor.ts   187b    19.2%
   ├ deno:file:///Users/zef/git/silverbullet/packages/plugos-silverbullet-syscall/syscall.ts  105b    10.8%
   └ deno:file:///Users/zef/git/silverbullet/packages/plugs/core/_in.ts                        38b     3.9%

External modules [ "https://esm.sh/handlebars", "https://deno.land/std@0.158.0/encoding/yaml.ts" ]
Bundle info for wrapSelection 
  _out.tmp                                                                                    1.3kb  100.0%
   ├ deno:file:///Users/zef/git/silverbullet/packages/plugs/core/text.ts                      495b    36.1%
   ├ deno:file:///Users/zef/git/silverbullet/packages/plugos-silverbullet-syscall/editor.ts   289b    21.1%
   ├ deno:file:///Users/zef/git/silverbullet/packages/plugos-silverbullet-syscall/syscall.ts  105b     7.7%
   └ deno:file:///Users/zef/git/silverbullet/packages/plugs/core/_in.ts                        38b     2.8%

External modules [ "https://esm.sh/handlebars", "https://deno.land/std@0.158.0/encoding/yaml.ts" ]
Bundle info for wrapSelection 
  _out.tmp                                                                                    1.3kb  100.0%
   ├ deno:file:///Users/zef/git/silverbullet/packages/plugs/core/text.ts                      495b    36.1%
   ├ deno:file:///Users/zef/git/silverbullet/packages/plugos-silverbullet-syscall/editor.ts   289b    21.1%
   ├ deno:file:///Users/zef/git/silverbullet/packages/plugos-silverbullet-syscall/syscall.ts  105b     7.7%
   └ deno:file:///Users/zef/git/silverbullet/packages/plugs/core/_in.ts                        38b     2.8%

External modules [ "https://esm.sh/handlebars", "https://deno.land/std@0.158.0/encoding/yaml.ts" ]
Bundle info for wrapSelection 
  _out.tmp                                                                                    1.3kb  100.0%
   ├ deno:file:///Users/zef/git/silverbullet/packages/plugs/core/text.ts                      495b    36.1%
   ├ deno:file:///Users/zef/git/silverbullet/packages/plugos-silverbullet-syscall/editor.ts   289b    21.1%
   ├ deno:file:///Users/zef/git/silverbullet/packages/plugos-silverbullet-syscall/syscall.ts  105b     7.7%
   └ deno:file:///Users/zef/git/silverbullet/packages/plugs/core/_in.ts                        38b     2.8%

External modules [ "https://esm.sh/handlebars", "https://deno.land/std@0.158.0/encoding/yaml.ts" ]
Bundle info for updatePlugsCommand 
  _out.tmp                                                                                    1.5kb  100.0%
   ├ deno:file:///Users/zef/git/silverbullet/packages/plugs/core/plugmanager.ts               172b    11.6%
   ├ deno:file:///Users/zef/git/silverbullet/packages/plugos-silverbullet-syscall/system.ts   113b     7.6%
   ├ deno:file:///Users/zef/git/silverbullet/packages/plugos-silverbullet-syscall/syscall.ts  105b     7.1%
   ├ deno:file:///Users/zef/git/silverbullet/packages/plugos-silverbullet-syscall/editor.ts   101b     6.8%
   ├ deno:file:///Users/zef/git/silverbullet/packages/plugs/lib/yaml_page.ts                   61b     4.1%
   ├ deno:file:///Users/zef/git/silverbullet/packages/plugs/core/_in.ts                        38b     2.6%
   └ deno:file:///Users/zef/git/silverbullet/packages/plugos-syscall/syscall.ts                19b     1.3%

External modules [ "https://esm.sh/handlebars", "https://deno.land/std@0.158.0/encoding/yaml.ts" ]
Bundle info for updatePlugs 
  _out.tmp                                                                                     2.8kb  100.0%
   ├ deno:file:///Users/zef/git/silverbullet/packages/plugs/core/plugmanager.ts                681b    23.9%
   ├ deno:file:///Users/zef/git/silverbullet/packages/plugs/lib/yaml_page.ts                   439b    15.4%
   ├ deno:file:///Users/zef/git/silverbullet/packages/plugos-silverbullet-syscall/space.ts     217b     7.6%
   ├ deno:file:///Users/zef/git/silverbullet/packages/plugos-syscall/event.ts                  199b     7.0%
   ├ deno:file:///Users/zef/git/silverbullet/packages/common/tree.ts                           177b     6.2%
   ├ deno:file:///Users/zef/git/silverbullet/packages/plugos-silverbullet-syscall/syscall.ts   105b     3.7%
   ├ deno:file:///Users/zef/git/silverbullet/packages/plugos-silverbullet-syscall/markdown.ts   57b     2.0%
   ├ deno:file:///Users/zef/git/silverbullet/packages/plugos-silverbullet-syscall/system.ts     43b     1.5%
   ├ deno:file:///Users/zef/git/silverbullet/packages/plugs/core/_in.ts                         38b     1.3%
   └ deno:file:///Users/zef/git/silverbullet/packages/plugos-syscall/syscall.ts                 19b     0.7%

External modules [ "https://esm.sh/handlebars", "https://deno.land/std@0.158.0/encoding/yaml.ts" ]
Bundle info for getPlugHTTPS 
  _out.tmp                                                                                    1.3kb  100.0%
   ├ deno:file:///Users/zef/git/silverbullet/packages/plugs/core/plugmanager.ts               208b    15.9%
   ├ deno:file:///Users/zef/git/silverbullet/packages/plugos-silverbullet-syscall/syscall.ts  105b     8.0%
   ├ deno:file:///Users/zef/git/silverbullet/packages/plugs/lib/yaml_page.ts                   61b     4.7%
   ├ deno:file:///Users/zef/git/silverbullet/packages/plugs/core/_in.ts                        38b     2.9%
   └ deno:file:///Users/zef/git/silverbullet/packages/plugos-syscall/syscall.ts                19b     1.5%

External modules [ "https://esm.sh/handlebars", "https://deno.land/std@0.158.0/encoding/yaml.ts" ]
Bundle info for getPlugGithub 
  _out.tmp                                                                                    1.4kb  100.0%
   ├ deno:file:///Users/zef/git/silverbullet/packages/plugs/core/plugmanager.ts               345b    23.9%
   ├ deno:file:///Users/zef/git/silverbullet/packages/plugos-silverbullet-syscall/syscall.ts  105b     7.3%
   ├ deno:file:///Users/zef/git/silverbullet/packages/plugs/lib/yaml_page.ts                   61b     4.2%
   ├ deno:file:///Users/zef/git/silverbullet/packages/plugs/core/_in.ts                        38b     2.6%
   └ deno:file:///Users/zef/git/silverbullet/packages/plugos-syscall/syscall.ts                19b     1.3%

External modules [ "https://esm.sh/handlebars", "https://deno.land/std@0.158.0/encoding/yaml.ts" ]
Bundle info for getPlugGithubRelease 
  _out.tmp                                                                                    1.6kb  100.0%
   ├ deno:file:///Users/zef/git/silverbullet/packages/plugs/core/plugmanager.ts               584b    34.7%
   ├ deno:file:///Users/zef/git/silverbullet/packages/plugos-silverbullet-syscall/syscall.ts  105b     6.2%
   ├ deno:file:///Users/zef/git/silverbullet/packages/plugs/lib/yaml_page.ts                   61b     3.6%
   ├ deno:file:///Users/zef/git/silverbullet/packages/plugs/core/_in.ts                        38b     2.3%
   └ deno:file:///Users/zef/git/silverbullet/packages/plugos-syscall/syscall.ts                19b     1.1%

External modules [ "https://esm.sh/handlebars", "https://deno.land/std@0.158.0/encoding/yaml.ts" ]
Bundle info for parsePageCommand 
  _out.tmp                                                                                     764b   100.0%
   ├ deno:file:///Users/zef/git/silverbullet/packages/plugos-silverbullet-syscall/syscall.ts   105b    13.7%
   ├ deno:file:///Users/zef/git/silverbullet/packages/plugs/core/debug.ts                       80b    10.5%
   ├ deno:file:///Users/zef/git/silverbullet/packages/plugos-silverbullet-syscall/markdown.ts   57b     7.5%
   ├ deno:file:///Users/zef/git/silverbullet/packages/plugos-silverbullet-syscall/editor.ts     40b     5.2%
   └ deno:file:///Users/zef/git/silverbullet/packages/plugs/core/_in.ts                         38b     5.0%

External modules [ "https://esm.sh/handlebars", "https://deno.land/std@0.158.0/encoding/yaml.ts" ]
Bundle info for showLogsCommand 
  _out.tmp                                                                                    2.1kb  100.0%
   ├ deno:file:///Users/zef/git/silverbullet/packages/plugs/core/debug.ts                     1.3kb   64.2%
   ├ deno:file:///Users/zef/git/silverbullet/packages/plugos-silverbullet-syscall/syscall.ts  105b     5.0%
   ├ deno:file:///Users/zef/git/silverbullet/packages/plugos-silverbullet-syscall/editor.ts    60b     2.8%
   ├ deno:file:///Users/zef/git/silverbullet/packages/plugos-silverbullet-syscall/sandbox.ts   59b     2.8%
   ├ deno:file:///Users/zef/git/silverbullet/packages/plugos-syscall/sandbox.ts                53b     2.5%
   └ deno:file:///Users/zef/git/silverbullet/packages/plugs/core/_in.ts                        38b     1.8%

External modules [ "https://esm.sh/handlebars", "https://deno.land/std@0.158.0/encoding/yaml.ts" ]
Bundle info for hideBhsCommand 
  _out.tmp                                                                                    666b   100.0%
   ├ deno:file:///Users/zef/git/silverbullet/packages/plugos-silverbullet-syscall/syscall.ts  105b    15.8%
   ├ deno:file:///Users/zef/git/silverbullet/packages/plugos-silverbullet-syscall/editor.ts    45b     6.8%
   ├ deno:file:///Users/zef/git/silverbullet/packages/plugs/core/_in.ts                        38b     5.7%
   └ deno:file:///Users/zef/git/silverbullet/packages/plugs/core/debug.ts                      34b     5.1%

External modules [ "https://esm.sh/handlebars", "https://deno.land/std@0.158.0/encoding/yaml.ts" ]
Bundle info for unfurlCommand 
  _out.tmp                                                                                     1.7kb  100.0%
   ├ deno:file:///Users/zef/git/silverbullet/packages/plugs/core/link.ts                       371b    21.4%
   ├ deno:file:///Users/zef/git/silverbullet/packages/plugos-silverbullet-syscall/editor.ts    265b    15.3%
   ├ deno:file:///Users/zef/git/silverbullet/packages/plugos-syscall/event.ts                  199b    11.5%
   ├ deno:file:///Users/zef/git/silverbullet/packages/common/tree.ts                           167b     9.6%
   ├ deno:file:///Users/zef/git/silverbullet/packages/plugos-silverbullet-syscall/syscall.ts   105b     6.1%
   ├ deno:file:///Users/zef/git/silverbullet/packages/plugos-silverbullet-syscall/system.ts     70b     4.0%
   ├ deno:file:///Users/zef/git/silverbullet/packages/plugos-silverbullet-syscall/markdown.ts   57b     3.3%
   ├ deno:file:///Users/zef/git/silverbullet/packages/plugs/core/_in.ts                         38b     2.2%
   └ deno:file:///Users/zef/git/silverbullet/packages/plugos-syscall/syscall.ts                 19b     1.1%

External modules [ "https://esm.sh/handlebars", "https://deno.land/std@0.158.0/encoding/yaml.ts" ]
Bundle info for unfurlExec 
  _out.tmp                                                                                    919b   100.0%
   ├ deno:file:///Users/zef/git/silverbullet/packages/plugos-syscall/event.ts                 199b    21.7%
   ├ deno:file:///Users/zef/git/silverbullet/packages/plugs/core/link.ts                      114b    12.4%
   ├ deno:file:///Users/zef/git/silverbullet/packages/plugos-silverbullet-syscall/syscall.ts  105b    11.4%
   ├ deno:file:///Users/zef/git/silverbullet/packages/plugs/core/_in.ts                        38b     4.1%
   └ deno:file:///Users/zef/git/silverbullet/packages/plugos-syscall/syscall.ts                19b     2.1%

External modules [ "https://esm.sh/handlebars", "https://deno.land/std@0.158.0/encoding/yaml.ts" ]
Bundle info for titleUnfurlOptions 
  _out.tmp                                                                                    675b   100.0%
   ├ deno:file:///Users/zef/git/silverbullet/packages/plugos-silverbullet-syscall/syscall.ts  105b    15.6%
   ├ deno:file:///Users/zef/git/silverbullet/packages/plugs/core/link.ts                       69b    10.2%
   ├ deno:file:///Users/zef/git/silverbullet/packages/plugs/core/_in.ts                        38b     5.6%
   └ deno:file:///Users/zef/git/silverbullet/packages/plugos-syscall/syscall.ts                19b     2.8%

External modules [ "https://esm.sh/handlebars", "https://deno.land/std@0.158.0/encoding/yaml.ts" ]
Bundle info for titleUnfurl 
  _out.tmp                                                                                    925b   100.0%
   ├ deno:file:///Users/zef/git/silverbullet/packages/plugs/core/link.ts                      319b    34.5%
   ├ deno:file:///Users/zef/git/silverbullet/packages/plugos-silverbullet-syscall/syscall.ts  105b    11.4%
   ├ deno:file:///Users/zef/git/silverbullet/packages/plugs/core/_in.ts                        38b     4.1%
   └ deno:file:///Users/zef/git/silverbullet/packages/plugos-syscall/syscall.ts                19b     2.1%

External modules [ "https://esm.sh/handlebars", "https://deno.land/std@0.158.0/encoding/yaml.ts" ]
Bundle info for statsCommand 
  _out.tmp                                                                                    983b   100.0%
   ├ deno:file:///Users/zef/git/silverbullet/packages/plugs/core/stats.ts                     239b    24.3%
   ├ deno:file:///Users/zef/git/silverbullet/packages/plugos-silverbullet-syscall/syscall.ts  105b    10.7%
   ├ deno:file:///Users/zef/git/silverbullet/packages/plugos-silverbullet-syscall/editor.ts   104b    10.6%
   ├ deno:file:///Users/zef/git/silverbullet/packages/plugos-silverbullet-syscall/space.ts     53b     5.4%
   └ deno:file:///Users/zef/git/silverbullet/packages/plugs/core/_in.ts                        38b     3.9%

External modules [ "https://esm.sh/handlebars", "https://deno.land/std@0.158.0/encoding/yaml.ts" ]
Bundle info for readFileCloud 
  _out.tmp                                                                                     1.5kb  100.0%
   ├ deno:file:///Users/zef/git/silverbullet/packages/plugs/core/cloud.ts                      584b    38.2%
   ├ deno:file:///Users/zef/git/silverbullet/packages/common/tree.ts                           301b    19.7%
   ├ deno:file:///Users/zef/git/silverbullet/packages/plugos-silverbullet-syscall/syscall.ts   105b     6.9%
   ├ deno:file:///Users/zef/git/silverbullet/packages/plugos-silverbullet-syscall/markdown.ts   57b     3.7%
   └ deno:file:///Users/zef/git/silverbullet/packages/plugs/core/_in.ts                         38b     2.5%

External modules [ "https://esm.sh/handlebars", "https://deno.land/std@0.158.0/encoding/yaml.ts" ]
Bundle info for getFileMetaCloud 
  _out.tmp                                                                                    682b   100.0%
   ├ deno:file:///Users/zef/git/silverbullet/packages/plugos-silverbullet-syscall/syscall.ts  105b    15.4%
   ├ deno:file:///Users/zef/git/silverbullet/packages/plugs/core/cloud.ts                      95b    13.9%
   └ deno:file:///Users/zef/git/silverbullet/packages/plugs/core/_in.ts                        38b     5.6%

Emitting bundle to /Users/zef/git/silverbullet/dist/core.plug.json
